cc -Wall -Wextra -pedantic -std=c99 src/main.c src/linker.c -o my_ld
src/main.c: In function ‘write_executable’:
src/main.c:6:1: error: expected ‘=’, ‘,’, ‘;’, ‘asm’ or ‘__attribute__’ before ‘{’ token
    6 | {
      | ^
In file included from src/main.c:3:
src/linker.h:20:6: error: old-style parameter declarations in prototyped function definition
   20 | void write_executable(char *executable_name, struct ELF_Info *executable_ELFI)
      |      ^~~~~~~~~~~~~~~~
src/main.c:15: error: expected ‘{’ at end of input
   15 | }
      | 
In file included from src/main.c:3:
src/linker.h:20:29: warning: unused parameter ‘executable_name’ [-Wunused-parameter]
   20 | void write_executable(char *executable_name, struct ELF_Info *executable_ELFI)
      |                       ~~~~~~^~~~~~~~~~~~~~~
src/linker.h:20:63: warning: unused parameter ‘executable_ELFI’ [-Wunused-parameter]
   20 | void write_executable(char *executable_name, struct ELF_Info *executable_ELFI)
      |                                              ~~~~~~~~~~~~~~~~~^~~~~~~~~~~~~~~
In file included from src/linker.c:2:
/usr/include/fcntl.h: In function ‘write_executable’:
/usr/include/fcntl.h:175:12: error: storage class specified for parameter ‘fcntl’
  175 | extern int fcntl (int __fd, int __cmd, ...);
      |            ^~~~~
/usr/include/fcntl.h:195:12: error: storage class specified for parameter ‘open’
  195 | extern int open (const char *__file, int __oflag, ...) __nonnull ((1));
      |            ^~~~
/usr/include/fcntl.h:241:12: error: storage class specified for parameter ‘creat’
  241 | extern int creat (const char *__file, mode_t __mode) __nonnull ((1));
      |            ^~~~~
In file included from /usr/include/stdio.h:36,
                 from src/linker.c:3:
/usr/lib/gcc/x86_64-pc-linux-gnu/9.2.0/include/stdarg.h:40:27: error: storage class specified for parameter ‘__gnuc_va_list’
   40 | typedef __builtin_va_list __gnuc_va_list;
      |                           ^~~~~~~~~~~~~~
In file included from /usr/include/bits/types/__fpos_t.h:5,
                 from /usr/include/stdio.h:39,
                 from src/linker.c:3:
/usr/include/bits/types/__mbstate_t.h:21:3: error: storage class specified for parameter ‘__mbstate_t’
   21 | } __mbstate_t;
      |   ^~~~~~~~~~~
In file included from /usr/include/stdio.h:39,
                 from src/linker.c:3:
/usr/include/bits/types/__fpos_t.h:13:3: error: expected specifier-qualifier-list before ‘__mbstate_t’
   13 |   __mbstate_t __state;
      |   ^~~~~~~~~~~
/usr/include/bits/types/__fpos_t.h:14:3: error: storage class specified for parameter ‘__fpos_t’
   14 | } __fpos_t;
      |   ^~~~~~~~
In file included from /usr/include/stdio.h:40,
                 from src/linker.c:3:
/usr/include/bits/types/__fpos64_t.h:13:3: error: expected specifier-qualifier-list before ‘__mbstate_t’
   13 |   __mbstate_t __state;
      |   ^~~~~~~~~~~
/usr/include/bits/types/__fpos64_t.h:14:3: error: storage class specified for parameter ‘__fpos64_t’
   14 | } __fpos64_t;
      |   ^~~~~~~~~~
In file included from /usr/include/stdio.h:41,
                 from src/linker.c:3:
/usr/include/bits/types/__FILE.h:5:25: error: storage class specified for parameter ‘__FILE’
    5 | typedef struct _IO_FILE __FILE;
      |                         ^~~~~~
In file included from /usr/include/stdio.h:42,
                 from src/linker.c:3:
/usr/include/bits/types/FILE.h:7:25: error: storage class specified for parameter ‘FILE’
    7 | typedef struct _IO_FILE FILE;
      |                         ^~~~
In file included from /usr/include/stdio.h:43,
                 from src/linker.c:3:
/usr/include/bits/types/struct_FILE.h:43:14: error: storage class specified for parameter ‘_IO_lock_t’
   43 | typedef void _IO_lock_t;
      |              ^~~~~~~~~~
/usr/include/bits/types/struct_FILE.h:81:3: error: expected specifier-qualifier-list before ‘_IO_lock_t’
   81 |   _IO_lock_t *_lock;
      |   ^~~~~~~~~~
In file included from src/linker.c:3:
/usr/include/stdio.h:84:18: error: expected ‘=’, ‘,’, ‘;’, ‘asm’ or ‘__attribute__’ before ‘fpos_t’
   84 | typedef __fpos_t fpos_t;
      |                  ^~~~~~
In file included from src/linker.c:3:
/usr/include/stdio.h:137:13: error: expected ‘=’, ‘,’, ‘;’, ‘asm’ or ‘__attribute__’ before ‘*’ token
  137 | extern FILE *stdin;  /* Standard input stream.  */
      |             ^
/usr/include/stdio.h:138:13: error: expected ‘=’, ‘,’, ‘;’, ‘asm’ or ‘__attribute__’ before ‘*’ token
  138 | extern FILE *stdout;  /* Standard output stream.  */
      |             ^
/usr/include/stdio.h:139:13: error: expected ‘=’, ‘,’, ‘;’, ‘asm’ or ‘__attribute__’ before ‘*’ token
  139 | extern FILE *stderr;  /* Standard error output stream.  */
      |             ^
/usr/include/stdio.h:146:12: error: storage class specified for parameter ‘remove’
  146 | extern int remove (const char *__filename) __THROW;
      |            ^~~~~~
/usr/include/stdio.h:148:12: error: storage class specified for parameter ‘rename’
  148 | extern int rename (const char *__old, const char *__new) __THROW;
      |            ^~~~~~
/usr/include/stdio.h:173:13: error: expected ‘=’, ‘,’, ‘;’, ‘asm’ or ‘__attribute__’ before ‘*’ token
  173 | extern FILE *tmpfile (void) __wur;
      |             ^
/usr/include/stdio.h:187:14: error: storage class specified for parameter ‘tmpnam’
  187 | extern char *tmpnam (char *__s) __THROW __wur;
      |              ^~~~~~
/usr/include/stdio.h:213:20: error: expected declaration specifiers or ‘...’ before ‘FILE’
  213 | extern int fclose (FILE *__stream);
      |                    ^~~~
/usr/include/stdio.h:218:20: error: expected declaration specifiers or ‘...’ before ‘FILE’
  218 | extern int fflush (FILE *__stream);
      |                    ^~~~
/usr/include/stdio.h:246:13: error: expected ‘=’, ‘,’, ‘;’, ‘asm’ or ‘__attribute__’ before ‘*’ token
  246 | extern FILE *fopen (const char *__restrict __filename,
      |             ^
/usr/include/stdio.h:252:13: error: expected ‘=’, ‘,’, ‘;’, ‘asm’ or ‘__attribute__’ before ‘*’ token
  252 | extern FILE *freopen (const char *__restrict __filename,
      |             ^
/usr/include/stdio.h:304:21: error: expected declaration specifiers or ‘...’ before ‘FILE’
  304 | extern void setbuf (FILE *__restrict __stream, char *__restrict __buf) __THROW;
      |                     ^~~~
/usr/include/stdio.h:308:21: error: expected declaration specifiers or ‘...’ before ‘FILE’
  308 | extern int setvbuf (FILE *__restrict __stream, char *__restrict __buf,
      |                     ^~~~
/usr/include/stdio.h:326:21: error: expected declaration specifiers or ‘...’ before ‘FILE’
  326 | extern int fprintf (FILE *__restrict __stream,
      |                     ^~~~
/usr/include/stdio.h:332:12: error: storage class specified for parameter ‘printf’
  332 | extern int printf (const char *__restrict __format, ...);
      |            ^~~~~~
/usr/include/stdio.h:334:12: error: storage class specified for parameter ‘sprintf’
  334 | extern int sprintf (char *__restrict __s,
      |            ^~~~~~~
/usr/include/stdio.h:341:22: error: expected declaration specifiers or ‘...’ before ‘FILE’
  341 | extern int vfprintf (FILE *__restrict __s, const char *__restrict __format,
      |                      ^~~~
/usr/include/stdio.h:342:8: error: expected declaration specifiers or ‘...’ before ‘__gnuc_va_list’
  342 |        __gnuc_va_list __arg);
      |        ^~~~~~~~~~~~~~
/usr/include/stdio.h:347:54: error: expected declaration specifiers or ‘...’ before ‘__gnuc_va_list’
  347 | extern int vprintf (const char *__restrict __format, __gnuc_va_list __arg);
      |                                                      ^~~~~~~~~~~~~~
/usr/include/stdio.h:350:8: error: expected declaration specifiers or ‘...’ before ‘__gnuc_va_list’
  350 |        __gnuc_va_list __arg) __THROWNL;
      |        ^~~~~~~~~~~~~~
/usr/include/stdio.h:354:12: error: storage class specified for parameter ‘snprintf’
  354 | extern int snprintf (char *__restrict __s, size_t __maxlen,
      |            ^~~~~~~~
/usr/include/stdio.h:359:42: error: expected declaration specifiers or ‘...’ before ‘__gnuc_va_list’
  359 |         const char *__restrict __format, __gnuc_va_list __arg)
      |                                          ^~~~~~~~~~~~~~
/usr/include/stdio.h:391:20: error: expected declaration specifiers or ‘...’ before ‘FILE’
  391 | extern int fscanf (FILE *__restrict __stream,
      |                    ^~~~
/usr/include/stdio.h:397:12: error: storage class specified for parameter ‘scanf’
  397 | extern int scanf (const char *__restrict __format, ...) __wur;
      |            ^~~~~
/usr/include/stdio.h:399:12: error: storage class specified for parameter ‘sscanf’
  399 | extern int sscanf (const char *__restrict __s,
      |            ^~~~~~
In file included from /usr/include/features.h:450,
                 from /usr/include/elf.h:22,
                 from src/linker.h:4,
                 from src/linker.c:1:
/usr/include/stdio.h:407:12: error: expected declaration specifiers or ‘...’ before ‘FILE’
  407 | extern int __REDIRECT (fscanf, (FILE *__restrict __stream,
      |            ^~~~~~~~~~
/usr/include/stdio.h:410:12: error: storage class specified for parameter ‘scanf’
  410 | extern int __REDIRECT (scanf, (const char *__restrict __format, ...),
      |            ^~~~~~~~~~
/usr/include/stdio.h:410:12: error: redefinition of parameter ‘scanf’
In file included from src/linker.c:3:
/usr/include/stdio.h:397:12: note: previous definition of ‘scanf’ was here
  397 | extern int scanf (const char *__restrict __format, ...) __wur;
      |            ^~~~~
In file included from /usr/include/features.h:450,
                 from /usr/include/elf.h:22,
                 from src/linker.h:4,
                 from src/linker.c:1:
/usr/include/stdio.h:412:12: error: storage class specified for parameter ‘sscanf’
  412 | extern int __REDIRECT_NTH (sscanf, (const char *__restrict __s,
      |            ^~~~~~~~~~~~~~
/usr/include/stdio.h:412:12: error: redefinition of parameter ‘sscanf’
In file included from src/linker.c:3:
/usr/include/stdio.h:399:12: note: previous definition of ‘sscanf’ was here
  399 | extern int sscanf (const char *__restrict __s,
      |            ^~~~~~
/usr/include/stdio.h:432:21: error: expected declaration specifiers or ‘...’ before ‘FILE’
  432 | extern int vfscanf (FILE *__restrict __s, const char *__restrict __format,
      |                     ^~~~
/usr/include/stdio.h:433:7: error: expected declaration specifiers or ‘...’ before ‘__gnuc_va_list’
  433 |       __gnuc_va_list __arg)
      |       ^~~~~~~~~~~~~~
/usr/include/stdio.h:440:53: error: expected declaration specifiers or ‘...’ before ‘__gnuc_va_list’
  440 | extern int vscanf (const char *__restrict __format, __gnuc_va_list __arg)
      |                                                     ^~~~~~~~~~~~~~
/usr/include/stdio.h:445:40: error: expected declaration specifiers or ‘...’ before ‘__gnuc_va_list’
  445 |       const char *__restrict __format, __gnuc_va_list __arg)
      |                                        ^~~~~~~~~~~~~~
In file included from /usr/include/features.h:450,
                 from /usr/include/elf.h:22,
                 from src/linker.h:4,
                 from src/linker.c:1:
/usr/include/stdio.h:451:12: error: expected declaration specifiers or ‘...’ before ‘FILE’
  451 | extern int __REDIRECT (vfscanf,
      |            ^~~~~~~~~~
/usr/include/stdio.h:451:12: error: expected declaration specifiers or ‘...’ before ‘__gnuc_va_list’
  451 | extern int __REDIRECT (vfscanf,
      |            ^~~~~~~~~~
/usr/include/stdio.h:456:12: error: expected declaration specifiers or ‘...’ before ‘__gnuc_va_list’
  456 | extern int __REDIRECT (vscanf, (const char *__restrict __format,
      |            ^~~~~~~~~~
/usr/include/stdio.h:459:12: error: expected declaration specifiers or ‘...’ before ‘__gnuc_va_list’
  459 | extern int __REDIRECT_NTH (vsscanf,
      |            ^~~~~~~~~~~~~~
In file included from src/linker.c:3:
/usr/include/stdio.h:485:19: error: expected declaration specifiers or ‘...’ before ‘FILE’
  485 | extern int fgetc (FILE *__stream);
      |                   ^~~~
/usr/include/stdio.h:486:18: error: expected declaration specifiers or ‘...’ before ‘FILE’
  486 | extern int getc (FILE *__stream);
      |                  ^~~~
/usr/include/stdio.h:492:12: error: storage class specified for parameter ‘getchar’
  492 | extern int getchar (void);
      |            ^~~~~~~
/usr/include/stdio.h:521:28: error: expected declaration specifiers or ‘...’ before ‘FILE’
  521 | extern int fputc (int __c, FILE *__stream);
      |                            ^~~~
/usr/include/stdio.h:522:27: error: expected declaration specifiers or ‘...’ before ‘FILE’
  522 | extern int putc (int __c, FILE *__stream);
      |                           ^~~~
/usr/include/stdio.h:528:12: error: storage class specified for parameter ‘putchar’
  528 | extern int putchar (int __c);
      |            ^~~~~~~
/usr/include/stdio.h:564:52: error: expected declaration specifiers or ‘...’ before ‘FILE’
  564 | extern char *fgets (char *__restrict __s, int __n, FILE *__restrict __stream)
      |                                                    ^~~~
/usr/include/stdio.h:577:14: error: storage class specified for parameter ‘gets’
  577 | extern char *gets (char *__s) __wur __attribute_deprecated__;
      |              ^~~~
/usr/include/stdio.h:626:47: error: expected declaration specifiers or ‘...’ before ‘FILE’
  626 | extern int fputs (const char *__restrict __s, FILE *__restrict __stream);
      |                                               ^~~~
/usr/include/stdio.h:632:12: error: storage class specified for parameter ‘puts’
  632 | extern int puts (const char *__s);
      |            ^~~~
/usr/include/stdio.h:639:29: error: expected declaration specifiers or ‘...’ before ‘FILE’
  639 | extern int ungetc (int __c, FILE *__stream);
      |                             ^~~~
/usr/include/stdio.h:647:20: error: expected declaration specifiers or ‘...’ before ‘FILE’
  647 |        size_t __n, FILE *__restrict __stream) __wur;
      |                    ^~~~
/usr/include/stdio.h:653:21: error: expected declaration specifiers or ‘...’ before ‘FILE’
  653 |         size_t __n, FILE *__restrict __s);
      |                     ^~~~
/usr/include/stdio.h:684:19: error: expected declaration specifiers or ‘...’ before ‘FILE’
  684 | extern int fseek (FILE *__stream, long int __off, int __whence);
      |                   ^~~~
/usr/include/stdio.h:689:24: error: expected declaration specifiers or ‘...’ before ‘FILE’
  689 | extern long int ftell (FILE *__stream) __wur;
      |                        ^~~~
/usr/include/stdio.h:694:21: error: expected declaration specifiers or ‘...’ before ‘FILE’
  694 | extern void rewind (FILE *__stream);
      |                     ^~~~
/usr/include/stdio.h:731:21: error: expected declaration specifiers or ‘...’ before ‘FILE’
  731 | extern int fgetpos (FILE *__restrict __stream, fpos_t *__restrict __pos);
      |                     ^~~~
/usr/include/stdio.h:731:48: error: unknown type name ‘fpos_t’
  731 | extern int fgetpos (FILE *__restrict __stream, fpos_t *__restrict __pos);
      |                                                ^~~~~~
/usr/include/stdio.h:134:1: note: ‘fpos_t’ is defined in header ‘<stdio.h>’; did you forget to ‘#include <stdio.h>’?
  133 | #include <bits/stdio_lim.h>
  +++ |+#include <stdio.h>
  134 | 
/usr/include/stdio.h:736:21: error: expected declaration specifiers or ‘...’ before ‘FILE’
  736 | extern int fsetpos (FILE *__stream, const fpos_t *__pos);
      |                     ^~~~
/usr/include/stdio.h:736:43: error: unknown type name ‘fpos_t’
  736 | extern int fsetpos (FILE *__stream, const fpos_t *__pos);
      |                                           ^~~~~~
/usr/include/stdio.h:757:23: error: expected declaration specifiers or ‘...’ before ‘FILE’
  757 | extern void clearerr (FILE *__stream) __THROW;
      |                       ^~~~
/usr/include/stdio.h:759:18: error: expected declaration specifiers or ‘...’ before ‘FILE’
  759 | extern int feof (FILE *__stream) __THROW __wur;
      |                  ^~~~
/usr/include/stdio.h:761:20: error: expected declaration specifiers or ‘...’ before ‘FILE’
  761 | extern int ferror (FILE *__stream) __THROW __wur;
      |                    ^~~~
/usr/include/stdio.h:775:13: error: storage class specified for parameter ‘perror’
  775 | extern void perror (const char *__s);
      |             ^~~~~~
In file included from src/linker.c:3:
/usr/include/stdio.h:858:21: error: expected declaration specifiers or ‘...’ before ‘FILE’
  858 | extern int __uflow (FILE *);
      |                     ^~~~
/usr/include/stdio.h:859:24: error: expected declaration specifiers or ‘...’ before ‘FILE’
  859 | extern int __overflow (FILE *, int);
      |                        ^~~~
In file included from src/linker.c:4:
/usr/include/sys/stat.h:205:12: error: storage class specified for parameter ‘stat’
  205 | extern int stat (const char *__restrict __file,
      |            ^~~~
/usr/include/sys/stat.h:210:12: error: storage class specified for parameter ‘fstat’
  210 | extern int fstat (int __fd, struct stat *__buf) __THROW __nonnull ((2));
      |            ^~~~~
/usr/include/sys/stat.h:280:12: error: storage class specified for parameter ‘chmod’
  280 | extern int chmod (const char *__file, __mode_t __mode)
      |            ^~~~~
/usr/include/sys/stat.h:308:17: error: storage class specified for parameter ‘umask’
  308 | extern __mode_t umask (__mode_t __mask) __THROW;
      |                 ^~~~~
/usr/include/sys/stat.h:317:12: error: storage class specified for parameter ‘mkdir’
  317 | extern int mkdir (const char *__path, __mode_t __mode)
      |            ^~~~~
/usr/include/sys/stat.h:346:12: error: storage class specified for parameter ‘mkfifo’
  346 | extern int mkfifo (const char *__path, __mode_t __mode)
      |            ^~~~~~
/usr/include/sys/stat.h:395:12: error: storage class specified for parameter ‘__fxstat’
  395 | extern int __fxstat (int __ver, int __fildes, struct stat *__stat_buf)
      |            ^~~~~~~~
/usr/include/sys/stat.h:397:12: error: storage class specified for parameter ‘__xstat’
  397 | extern int __xstat (int __ver, const char *__filename,
      |            ^~~~~~~
/usr/include/sys/stat.h:399:12: error: storage class specified for parameter ‘__lxstat’
  399 | extern int __lxstat (int __ver, const char *__filename,
      |            ^~~~~~~~
/usr/include/sys/stat.h:401:12: error: storage class specified for parameter ‘__fxstatat’
  401 | extern int __fxstatat (int __ver, int __fildes, const char *__filename,
      |            ^~~~~~~~~~
/usr/include/sys/stat.h:438:12: error: storage class specified for parameter ‘__xmknod’
  438 | extern int __xmknod (int __ver, const char *__path, __mode_t __mode,
      |            ^~~~~~~~
/usr/include/sys/stat.h:441:12: error: storage class specified for parameter ‘__xmknodat’
  441 | extern int __xmknodat (int __ver, int __fd, const char *__path,
      |            ^~~~~~~~~~
In file included from src/linker.c:5:
/usr/include/sys/mman.h:57:14: error: storage class specified for parameter ‘mmap’
   57 | extern void *mmap (void *__addr, size_t __len, int __prot,
      |              ^~~~
/usr/include/sys/mman.h:76:12: error: storage class specified for parameter ‘munmap’
   76 | extern int munmap (void *__addr, size_t __len) __THROW;
      |            ^~~~~~
/usr/include/sys/mman.h:81:12: error: storage class specified for parameter ‘mprotect’
   81 | extern int mprotect (void *__addr, size_t __len, int __prot) __THROW;
      |            ^~~~~~~~
/usr/include/sys/mman.h:89:12: error: storage class specified for parameter ‘msync’
   89 | extern int msync (void *__addr, size_t __len, int __flags);
      |            ^~~~~
/usr/include/sys/mman.h:103:12: error: storage class specified for parameter ‘mlock’
  103 | extern int mlock (const void *__addr, size_t __len) __THROW;
      |            ^~~~~
/usr/include/sys/mman.h:106:12: error: storage class specified for parameter ‘munlock’
  106 | extern int munlock (const void *__addr, size_t __len) __THROW;
      |            ^~~~~~~
/usr/include/sys/mman.h:111:12: error: storage class specified for parameter ‘mlockall’
  111 | extern int mlockall (int __flags) __THROW;
      |            ^~~~~~~~
/usr/include/sys/mman.h:115:12: error: storage class specified for parameter ‘munlockall’
  115 | extern int munlockall (void) __THROW;
      |            ^~~~~~~~~~
/usr/include/sys/mman.h:144:12: error: storage class specified for parameter ‘shm_open’
  144 | extern int shm_open (const char *__name, int __oflag, mode_t __mode);
      |            ^~~~~~~~
/usr/include/sys/mman.h:147:12: error: storage class specified for parameter ‘shm_unlink’
  147 | extern int shm_unlink (const char *__name);
      |            ^~~~~~~~~~
In file included from src/linker.c:6:
/usr/include/string.h:42:14: error: storage class specified for parameter ‘memcpy’
   42 | extern void *memcpy (void *__restrict __dest, const void *__restrict __src,
      |              ^~~~~~
/usr/include/string.h:46:14: error: storage class specified for parameter ‘memmove’
   46 | extern void *memmove (void *__dest, const void *__src, size_t __n)
      |              ^~~~~~~
/usr/include/string.h:60:14: error: storage class specified for parameter ‘memset’
   60 | extern void *memset (void *__s, int __c, size_t __n) __THROW __nonnull ((1));
      |              ^~~~~~
/usr/include/string.h:63:12: error: storage class specified for parameter ‘memcmp’
   63 | extern int memcmp (const void *__s1, const void *__s2, size_t __n)
      |            ^~~~~~
/usr/include/string.h:90:14: error: storage class specified for parameter ‘memchr’
   90 | extern void *memchr (const void *__s, int __c, size_t __n)
      |              ^~~~~~
/usr/include/string.h:121:14: error: storage class specified for parameter ‘strcpy’
  121 | extern char *strcpy (char *__restrict __dest, const char *__restrict __src)
      |              ^~~~~~
/usr/include/string.h:124:14: error: storage class specified for parameter ‘strncpy’
  124 | extern char *strncpy (char *__restrict __dest,
      |              ^~~~~~~
/usr/include/string.h:129:14: error: storage class specified for parameter ‘strcat’
  129 | extern char *strcat (char *__restrict __dest, const char *__restrict __src)
      |              ^~~~~~
/usr/include/string.h:132:14: error: storage class specified for parameter ‘strncat’
  132 | extern char *strncat (char *__restrict __dest, const char *__restrict __src,
      |              ^~~~~~~
/usr/include/string.h:136:12: error: storage class specified for parameter ‘strcmp’
  136 | extern int strcmp (const char *__s1, const char *__s2)
      |            ^~~~~~
/usr/include/string.h:139:12: error: storage class specified for parameter ‘strncmp’
  139 | extern int strncmp (const char *__s1, const char *__s2, size_t __n)
      |            ^~~~~~~
/usr/include/string.h:143:12: error: storage class specified for parameter ‘strcoll’
  143 | extern int strcoll (const char *__s1, const char *__s2)
      |            ^~~~~~~
/usr/include/string.h:146:15: error: storage class specified for parameter ‘strxfrm’
  146 | extern size_t strxfrm (char *__restrict __dest,
      |               ^~~~~~~
/usr/include/string.h:225:14: error: storage class specified for parameter ‘strchr’
  225 | extern char *strchr (const char *__s, int __c)
      |              ^~~~~~
/usr/include/string.h:252:14: error: storage class specified for parameter ‘strrchr’
  252 | extern char *strrchr (const char *__s, int __c)
      |              ^~~~~~~
/usr/include/string.h:272:15: error: storage class specified for parameter ‘strcspn’
  272 | extern size_t strcspn (const char *__s, const char *__reject)
      |               ^~~~~~~
/usr/include/string.h:276:15: error: storage class specified for parameter ‘strspn’
  276 | extern size_t strspn (const char *__s, const char *__accept)
      |               ^~~~~~
/usr/include/string.h:302:14: error: storage class specified for parameter ‘strpbrk’
  302 | extern char *strpbrk (const char *__s, const char *__accept)
      |              ^~~~~~~
/usr/include/string.h:329:14: error: storage class specified for parameter ‘strstr’
  329 | extern char *strstr (const char *__haystack, const char *__needle)
      |              ^~~~~~
/usr/include/string.h:335:14: error: storage class specified for parameter ‘strtok’
  335 | extern char *strtok (char *__restrict __s, const char *__restrict __delim)
      |              ^~~~~~
/usr/include/string.h:340:14: error: storage class specified for parameter ‘__strtok_r’
  340 | extern char *__strtok_r (char *__restrict __s,
      |              ^~~~~~~~~~
/usr/include/string.h:384:15: error: storage class specified for parameter ‘strlen’
  384 | extern size_t strlen (const char *__s)
      |               ^~~~~~
/usr/include/string.h:396:14: error: storage class specified for parameter ‘strerror’
  396 | extern char *strerror (int __errnum) __THROW;
      |              ^~~~~~~~
In file included from src/linker.c:7:
/usr/include/unistd.h:287:12: error: storage class specified for parameter ‘access’
  287 | extern int access (const char *__name, int __type) __THROW __nonnull ((1));
      |            ^~~~~~
/usr/include/unistd.h:334:16: error: storage class specified for parameter ‘lseek’
  334 | extern __off_t lseek (int __fd, __off_t __offset, int __whence) __THROW;
      |                ^~~~~
/usr/include/unistd.h:353:12: error: storage class specified for parameter ‘close’
  353 | extern int close (int __fd);
      |            ^~~~~
/usr/include/unistd.h:360:16: error: storage class specified for parameter ‘read’
  360 | extern ssize_t read (int __fd, void *__buf, size_t __nbytes) __wur;
      |                ^~~~
/usr/include/unistd.h:366:16: error: storage class specified for parameter ‘write’
  366 | extern ssize_t write (int __fd, const void *__buf, size_t __n) __wur;
      |                ^~~~~
/usr/include/unistd.h:417:12: error: storage class specified for parameter ‘pipe’
  417 | extern int pipe (int __pipedes[2]) __THROW __wur;
      |            ^~~~
/usr/include/unistd.h:432:21: error: storage class specified for parameter ‘alarm’
  432 | extern unsigned int alarm (unsigned int __seconds) __THROW;
      |                     ^~~~~
/usr/include/unistd.h:444:21: error: storage class specified for parameter ‘sleep’
  444 | extern unsigned int sleep (unsigned int __seconds);
      |                     ^~~~~
/usr/include/unistd.h:469:12: error: storage class specified for parameter ‘pause’
  469 | extern int pause (void);
      |            ^~~~~
/usr/include/unistd.h:473:12: error: storage class specified for parameter ‘chown’
  473 | extern int chown (const char *__file, __uid_t __owner, __gid_t __group)
      |            ^~~~~
/usr/include/unistd.h:497:12: error: storage class specified for parameter ‘chdir’
  497 | extern int chdir (const char *__path) __THROW __nonnull ((1)) __wur;
      |            ^~~~~
/usr/include/unistd.h:511:14: error: storage class specified for parameter ‘getcwd’
  511 | extern char *getcwd (char *__buf, size_t __size) __THROW __wur;
      |              ^~~~~~
/usr/include/unistd.h:531:12: error: storage class specified for parameter ‘dup’
  531 | extern int dup (int __fd) __THROW __wur;
      |            ^~~
/usr/include/unistd.h:534:12: error: storage class specified for parameter ‘dup2’
  534 | extern int dup2 (int __fd, int __fd2) __THROW;
      |            ^~~~
/usr/include/unistd.h:543:15: error: storage class specified for parameter ‘__environ’
  543 | extern char **__environ;
      |               ^~~~~~~~~
/usr/include/unistd.h:551:12: error: storage class specified for parameter ‘execve’
  551 | extern int execve (const char *__path, char *const __argv[],
      |            ^~~~~~
/usr/include/unistd.h:563:12: error: storage class specified for parameter ‘execv’
  563 | extern int execv (const char *__path, char *const __argv[])
      |            ^~~~~
/usr/include/unistd.h:568:12: error: storage class specified for parameter ‘execle’
  568 | extern int execle (const char *__path, const char *__arg, ...)
      |            ^~~~~~
/usr/include/unistd.h:573:12: error: storage class specified for parameter ‘execl’
  573 | extern int execl (const char *__path, const char *__arg, ...)
      |            ^~~~~
/usr/include/unistd.h:578:12: error: storage class specified for parameter ‘execvp’
  578 | extern int execvp (const char *__file, char *const __argv[])
      |            ^~~~~~
/usr/include/unistd.h:584:12: error: storage class specified for parameter ‘execlp’
  584 | extern int execlp (const char *__file, const char *__arg, ...)
      |            ^~~~~~
/usr/include/unistd.h:603:13: error: storage class specified for parameter ‘_exit’
  603 | extern void _exit (int __status) __attribute__ ((__noreturn__));
      |             ^~~~~
In file included from src/linker.c:7:
/usr/include/unistd.h:612:17: error: storage class specified for parameter ‘pathconf’
  612 | extern long int pathconf (const char *__path, int __name)
      |                 ^~~~~~~~
/usr/include/unistd.h:616:17: error: storage class specified for parameter ‘fpathconf’
  616 | extern long int fpathconf (int __fd, int __name) __THROW;
      |                 ^~~~~~~~~
/usr/include/unistd.h:619:17: error: storage class specified for parameter ‘sysconf’
  619 | extern long int sysconf (int __name) __THROW;
      |                 ^~~~~~~
/usr/include/unistd.h:628:16: error: storage class specified for parameter ‘getpid’
  628 | extern __pid_t getpid (void) __THROW;
      |                ^~~~~~
/usr/include/unistd.h:631:16: error: storage class specified for parameter ‘getppid’
  631 | extern __pid_t getppid (void) __THROW;
      |                ^~~~~~~
/usr/include/unistd.h:634:16: error: storage class specified for parameter ‘getpgrp’
  634 | extern __pid_t getpgrp (void) __THROW;
      |                ^~~~~~~
/usr/include/unistd.h:637:16: error: storage class specified for parameter ‘__getpgid’
  637 | extern __pid_t __getpgid (__pid_t __pid) __THROW;
      |                ^~~~~~~~~
/usr/include/unistd.h:646:12: error: storage class specified for parameter ‘setpgid’
  646 | extern int setpgid (__pid_t __pid, __pid_t __pgid) __THROW;
      |            ^~~~~~~
/usr/include/unistd.h:667:16: error: storage class specified for parameter ‘setsid’
  667 | extern __pid_t setsid (void) __THROW;
      |                ^~~~~~
/usr/include/unistd.h:675:16: error: storage class specified for parameter ‘getuid’
  675 | extern __uid_t getuid (void) __THROW;
      |                ^~~~~~
/usr/include/unistd.h:678:16: error: storage class specified for parameter ‘geteuid’
  678 | extern __uid_t geteuid (void) __THROW;
      |                ^~~~~~~
/usr/include/unistd.h:681:16: error: storage class specified for parameter ‘getgid’
  681 | extern __gid_t getgid (void) __THROW;
      |                ^~~~~~
/usr/include/unistd.h:684:16: error: storage class specified for parameter ‘getegid’
  684 | extern __gid_t getegid (void) __THROW;
      |                ^~~~~~~
/usr/include/unistd.h:689:12: error: storage class specified for parameter ‘getgroups’
  689 | extern int getgroups (int __size, __gid_t __list[]) __THROW __wur;
      |            ^~~~~~~~~
/usr/include/unistd.h:700:12: error: storage class specified for parameter ‘setuid’
  700 | extern int setuid (__uid_t __uid) __THROW __wur;
      |            ^~~~~~
/usr/include/unistd.h:717:12: error: storage class specified for parameter ‘setgid’
  717 | extern int setgid (__gid_t __gid) __THROW __wur;
      |            ^~~~~~
/usr/include/unistd.h:756:16: error: storage class specified for parameter ‘fork’
  756 | extern __pid_t fork (void) __THROWNL;
      |                ^~~~
/usr/include/unistd.h:770:14: error: storage class specified for parameter ‘ttyname’
  770 | extern char *ttyname (int __fd) __THROW;
      |              ^~~~~~~
/usr/include/unistd.h:774:12: error: storage class specified for parameter ‘ttyname_r’
  774 | extern int ttyname_r (int __fd, char *__buf, size_t __buflen)
      |            ^~~~~~~~~
/usr/include/unistd.h:779:12: error: storage class specified for parameter ‘isatty’
  779 | extern int isatty (int __fd) __THROW;
      |            ^~~~~~
/usr/include/unistd.h:789:12: error: storage class specified for parameter ‘link’
  789 | extern int link (const char *__from, const char *__to)
      |            ^~~~
/usr/include/unistd.h:825:12: error: storage class specified for parameter ‘unlink’
  825 | extern int unlink (const char *__name) __THROW __nonnull ((1));
      |            ^~~~~~
/usr/include/unistd.h:834:12: error: storage class specified for parameter ‘rmdir’
  834 | extern int rmdir (const char *__path) __THROW __nonnull ((1));
      |            ^~~~~
/usr/include/unistd.h:838:16: error: storage class specified for parameter ‘tcgetpgrp’
  838 | extern __pid_t tcgetpgrp (int __fd) __THROW;
      |                ^~~~~~~~~
/usr/include/unistd.h:841:12: error: storage class specified for parameter ‘tcsetpgrp’
  841 | extern int tcsetpgrp (int __fd, __pid_t __pgrp_id) __THROW;
      |            ^~~~~~~~~
/usr/include/unistd.h:848:14: error: storage class specified for parameter ‘getlogin’
  848 | extern char *getlogin (void);
      |              ^~~~~~~~
/usr/include/unistd.h:954:12: error: storage class specified for parameter ‘fsync’
  954 | extern int fsync (int __fd);
      |            ^~~~~
In file included from /usr/include/stdlib.h:31,
                 from src/linker.c:8:
/usr/lib/gcc/x86_64-pc-linux-gnu/9.2.0/include/stddef.h:321:24: error: storage class specified for parameter ‘wchar_t’
  321 | typedef __WCHAR_TYPE__ wchar_t;
      |                        ^~~~~~~
In file included from src/linker.c:8:
/usr/include/stdlib.h:62:5: error: storage class specified for parameter ‘div_t’
   62 |   } div_t;
      |     ^~~~~
/usr/include/stdlib.h:70:5: error: storage class specified for parameter ‘ldiv_t’
   70 |   } ldiv_t;
      |     ^~~~~~
/usr/include/stdlib.h:76:1: error: expected declaration specifiers before ‘__extension__’
   76 | __extension__ typedef struct
      | ^~~~~~~~~~~~~
/usr/include/stdlib.h:80:5: error: expected declaration specifiers before ‘lldiv_t’
   80 |   } lldiv_t;
      |     ^~~~~~~
/usr/include/stdlib.h:97:15: error: storage class specified for parameter ‘__ctype_get_mb_cur_max’
   97 | extern size_t __ctype_get_mb_cur_max (void) __THROW __wur;
      |               ^~~~~~~~~~~~~~~~~~~~~~
/usr/include/stdlib.h:101:15: error: storage class specified for parameter ‘atof’
  101 | extern double atof (const char *__nptr)
      |               ^~~~
/usr/include/stdlib.h:104:12: error: storage class specified for parameter ‘atoi’
  104 | extern int atoi (const char *__nptr)
      |            ^~~~
/usr/include/stdlib.h:107:17: error: storage class specified for parameter ‘atol’
  107 | extern long int atol (const char *__nptr)
      |                 ^~~~
/usr/include/stdlib.h:112:1: error: expected declaration specifiers before ‘__extension__’
  112 | __extension__ extern long long int atoll (const char *__nptr)
      | ^~~~~~~~~~~~~
/usr/include/stdlib.h:117:15: error: storage class specified for parameter ‘strtod’
  117 | extern double strtod (const char *__restrict __nptr,
      |               ^~~~~~
/usr/include/stdlib.h:123:14: error: storage class specified for parameter ‘strtof’
  123 | extern float strtof (const char *__restrict __nptr,
      |              ^~~~~~
/usr/include/stdlib.h:126:20: error: storage class specified for parameter ‘strtold’
  126 | extern long double strtold (const char *__restrict __nptr,
      |                    ^~~~~~~
/usr/include/stdlib.h:176:17: error: storage class specified for parameter ‘strtol’
  176 | extern long int strtol (const char *__restrict __nptr,
      |                 ^~~~~~
/usr/include/stdlib.h:180:26: error: storage class specified for parameter ‘strtoul’
  180 | extern unsigned long int strtoul (const char *__restrict __nptr,
      |                          ^~~~~~~
/usr/include/stdlib.h:199:1: error: expected declaration specifiers before ‘__extension__’
  199 | __extension__
      | ^~~~~~~~~~~~~
/usr/include/stdlib.h:204:1: error: expected declaration specifiers before ‘__extension__’
  204 | __extension__
      | ^~~~~~~~~~~~~
/usr/include/stdlib.h:453:12: error: storage class specified for parameter ‘rand’
  453 | extern int rand (void) __THROW;
      |            ^~~~
/usr/include/stdlib.h:455:13: error: storage class specified for parameter ‘srand’
  455 | extern void srand (unsigned int __seed) __THROW;
      |             ^~~~~
/usr/include/stdlib.h:539:14: error: storage class specified for parameter ‘malloc’
  539 | extern void *malloc (size_t __size) __THROW __attribute_malloc__
      |              ^~~~~~
/usr/include/stdlib.h:542:14: error: storage class specified for parameter ‘calloc’
  542 | extern void *calloc (size_t __nmemb, size_t __size)
      |              ^~~~~~
/usr/include/stdlib.h:550:14: error: storage class specified for parameter ‘realloc’
  550 | extern void *realloc (void *__ptr, size_t __size)
      |              ^~~~~~~
/usr/include/stdlib.h:565:13: error: storage class specified for parameter ‘free’
  565 | extern void free (void *__ptr) __THROW;
      |             ^~~~
/usr/include/stdlib.h:591:13: error: storage class specified for parameter ‘abort’
  591 | extern void abort (void) __THROW __attribute__ ((__noreturn__));
      |             ^~~~~
/usr/include/stdlib.h:595:12: error: storage class specified for parameter ‘atexit’
  595 | extern int atexit (void (*__func) (void)) __THROW __nonnull ((1));
      |            ^~~~~~
/usr/include/stdlib.h:617:13: error: storage class specified for parameter ‘exit’
  617 | extern void exit (int __status) __THROW __attribute__ ((__noreturn__));
      |             ^~~~
/usr/include/stdlib.h:629:13: error: storage class specified for parameter ‘_Exit’
  629 | extern void _Exit (int __status) __THROW __attribute__ ((__noreturn__));
      |             ^~~~~
/usr/include/stdlib.h:634:14: error: storage class specified for parameter ‘getenv’
  634 | extern char *getenv (const char *__name) __THROW __nonnull ((1)) __wur;
      |              ^~~~~~
/usr/include/stdlib.h:784:12: error: storage class specified for parameter ‘system’
  784 | extern int system (const char *__command) __wur;
      |            ^~~~~~
/usr/include/stdlib.h:808:15: error: storage class specified for parameter ‘__compar_fn_t’
  808 | typedef int (*__compar_fn_t) (const void *, const void *);
      |               ^~~~~~~~~~~~~
/usr/include/stdlib.h:821:40: error: expected declaration specifiers or ‘...’ before ‘__compar_fn_t’
  821 |         size_t __nmemb, size_t __size, __compar_fn_t __compar)
      |                                        ^~~~~~~~~~~~~
/usr/include/stdlib.h:831:6: error: expected declaration specifiers or ‘...’ before ‘__compar_fn_t’
  831 |      __compar_fn_t __compar) __nonnull ((1, 4));
      |      ^~~~~~~~~~~~~
/usr/include/stdlib.h:840:12: error: storage class specified for parameter ‘abs’
  840 | extern int abs (int __x) __THROW __attribute__ ((__const__)) __wur;
      |            ^~~
/usr/include/stdlib.h:841:17: error: storage class specified for parameter ‘labs’
  841 | extern long int labs (long int __x) __THROW __attribute__ ((__const__)) __wur;
      |                 ^~~~
/usr/include/stdlib.h:844:1: error: expected declaration specifiers before ‘__extension__’
  844 | __extension__ extern long long int llabs (long long int __x)
      | ^~~~~~~~~~~~~
/usr/include/stdlib.h:852:14: error: expected ‘=’, ‘,’, ‘;’, ‘asm’ or ‘__attribute__’ before ‘div’
  852 | extern div_t div (int __numer, int __denom)
      |              ^~~
/usr/include/stdlib.h:854:15: error: expected ‘=’, ‘,’, ‘;’, ‘asm’ or ‘__attribute__’ before ‘ldiv’
  854 | extern ldiv_t ldiv (long int __numer, long int __denom)
      |               ^~~~
/usr/include/stdlib.h:858:1: error: expected declaration specifiers before ‘__extension__’
  858 | __extension__ extern lldiv_t lldiv (long long int __numer,
      | ^~~~~~~~~~~~~
/usr/include/stdlib.h:922:12: error: storage class specified for parameter ‘mblen’
  922 | extern int mblen (const char *__s, size_t __n) __THROW;
      |            ^~~~~
/usr/include/stdlib.h:925:20: error: expected declaration specifiers or ‘...’ before ‘wchar_t’
  925 | extern int mbtowc (wchar_t *__restrict __pwc,
      |                    ^~~~~~~
/usr/include/stdlib.h:929:31: error: expected declaration specifiers or ‘...’ before ‘wchar_t’
  929 | extern int wctomb (char *__s, wchar_t __wchar) __THROW;
      |                               ^~~~~~~
/usr/include/stdlib.h:933:25: error: expected declaration specifiers or ‘...’ before ‘wchar_t’
  933 | extern size_t mbstowcs (wchar_t *__restrict  __pwcs,
      |                         ^~~~~~~
/usr/include/stdlib.h:937:18: error: expected ‘;’, ‘,’ or ‘)’ before ‘*’ token
  937 |    const wchar_t *__restrict __pwcs, size_t __n)
      |                  ^
src/linker.c:12:1: error: expected ‘=’, ‘,’, ‘;’, ‘asm’ or ‘__attribute__’ before ‘{’ token
   12 | {
      | ^
src/linker.c:23:1: error: expected ‘=’, ‘,’, ‘;’, ‘asm’ or ‘__attribute__’ before ‘{’ token
   23 | {
      | ^
src/linker.c:47:1: error: expected ‘=’, ‘,’, ‘;’, ‘asm’ or ‘__attribute__’ before ‘{’ token
   47 | {
      | ^
src/linker.c:53:1: error: expected ‘=’, ‘,’, ‘;’, ‘asm’ or ‘__attribute__’ before ‘{’ token
   53 | {
      | ^
src/linker.c:71:1: error: expected ‘=’, ‘,’, ‘;’, ‘asm’ or ‘__attribute__’ before ‘{’ token
   71 | {
      | ^
In file included from src/linker.c:1:
src/linker.h:20:6: error: old-style parameter declarations in prototyped function definition
   20 | void write_executable(char *executable_name, struct ELF_Info *executable_ELFI)
      |      ^~~~~~~~~~~~~~~~
src/linker.c:131: error: expected ‘{’ at end of input
  131 | }*/
      | 
In file included from src/linker.c:1:
src/linker.h:20:29: warning: unused parameter ‘executable_name’ [-Wunused-parameter]
   20 | void write_executable(char *executable_name, struct ELF_Info *executable_ELFI)
      |                       ~~~~~~^~~~~~~~~~~~~~~
src/linker.h:20:63: warning: unused parameter ‘executable_ELFI’ [-Wunused-parameter]
   20 | void write_executable(char *executable_name, struct ELF_Info *executable_ELFI)
      |                                              ~~~~~~~~~~~~~~~~~^~~~~~~~~~~~~~~
make: *** [Makefile:8: all] Error 1
